<?xml version="1.0" encoding="UTF-8"?>
<!-- Generated by org.testng.reporters.JUnitReportReporter -->
<testsuite skipped="2" hostname="Ashwini" name="testngclasses.VerifyApplicationHeaders" tests="2" failures="0" timestamp="2022-07-09T18:02:59 IST" time="0.000" errors="0">
  <testcase name="toSearchProduct" time="0.000" classname="testngclasses.VerifyApplicationHeaders">
    <skipped/>
  </testcase> <!-- toSearchProduct -->
  <system-out/>
  <testcase name="toVerifyCartButton" time="0.000" classname="testngclasses.VerifyApplicationHeaders">
    <skipped/>
  </testcase> <!-- toVerifyCartButton -->
  <system-out/>
</testsuite> <!-- testngclasses.VerifyApplicationHeaders -->
