<?xml version="1.0" encoding="UTF-8"?>
<!-- Generated by org.testng.reporters.JUnitReportReporter -->
<testsuite skipped="0" hostname="Ashwini" name="testngclasses.VerifyProductAddedToCart" tests="2" failures="0" timestamp="2022-07-07T00:14:12 IST" time="77.009" errors="0">
  <testcase name="testA" time="40.535" classname="testngclasses.VerifyProductAddedToCart"/>
  <system-out/>
  <testcase name="testB" time="36.474" classname="testngclasses.VerifyProductAddedToCart"/>
  <system-out/>
</testsuite> <!-- testngclasses.VerifyProductAddedToCart -->
