<?xml version="1.0" encoding="UTF-8"?>
<!-- Generated by org.testng.reporters.JUnitReportReporter -->
<testsuite skipped="0" hostname="Ashwini" name="testpackflipkart.TestNgClassFlipkart" tests="2" failures="0" timestamp="2022-06-23T17:38:42 IST" time="0.000" errors="0">
  <testcase name="testA" time="0.000" classname="testpackflipkart.TestNgClassFlipkart"/>
  <system-out/>
  <testcase name="testB" time="0.000" classname="testpackflipkart.TestNgClassFlipkart"/>
  <system-out/>
</testsuite> <!-- testpackflipkart.TestNgClassFlipkart -->
